<?xml version="1.0" encoding="UTF-8"?>
<!-- Generated by org.testng.reporters.JUnitReportReporter -->
<testsuite hostname="DESKTOP-P6TE74L" failures="0" tests="14" name="homework.ch11_13.CourseTest" time="0.001" errors="0" timestamp="05 4月 2021 04:05:00 GMT" skipped="0">
  <testcase classname="homework.ch11_13.CourseTest" name="testTestToString" time="0.000"/>
  <testcase classname="homework.ch11_13.CourseTest" name="testGetCourseName" time="0.000"/>
  <testcase classname="homework.ch11_13.CourseTest" name="testTestClone" time="0.001"/>
  <testcase classname="homework.ch11_13.CourseTest" name="testGetTeacher" time="0.000"/>
  <testcase classname="homework.ch11_13.CourseTest" name="testRegister" time="0.000"/>
  <testcase classname="homework.ch11_13.CourseTest" name="testTestEquals" time="0.000"/>
  <testcase classname="homework.ch11_13.CourseTest" name="testTestEquals" time="0.000"/>
  <testcase classname="homework.ch11_13.CourseTest" name="testGetNumberOfStudent" time="0.000"/>
  <testcase classname="homework.ch11_13.CourseTest" name="testGetStudents" time="0.000"/>
  <testcase classname="homework.ch11_13.CourseTest" name="testTestEquals" time="0.000"/>
  <testcase classname="homework.ch11_13.CourseTest" name="testUnregister" time="0.000"/>
  <testcase classname="homework.ch11_13.CourseTest" name="testTestEquals" time="0.000"/>
  <testcase classname="homework.ch11_13.CourseTest" name="testTestEquals" time="0.000"/>
  <testcase classname="homework.ch11_13.CourseTest" name="testTestEquals" time="0.000"/>
</testsuite> <!-- homework.ch11_13.CourseTest -->
