<?xml version="1.0" encoding="UTF-8"?>
<!-- Generated by org.testng.reporters.JUnitReportReporter -->
<testsuite hostname="DESKTOP-P6TE74L" failures="0" tests="2" name="homework.ch11_13.CompositeIteratorTest" time="0.001" errors="0" timestamp="05 4月 2021 04:05:00 GMT" skipped="0">
  <testcase classname="homework.ch11_13.CompositeIteratorTest" name="testHasNext" time="0.001"/>
  <testcase classname="homework.ch11_13.CompositeIteratorTest" name="testNext" time="0.000"/>
</testsuite> <!-- homework.ch11_13.CompositeIteratorTest -->
