<?xml version="1.0" encoding="UTF-8"?>
<!-- Generated by org.testng.reporters.JUnitReportReporter -->
<testsuite hostname="DESKTOP-P6TE74L" failures="0" tests="14" name="homework.ch11_13.CompositeComponentTest" time="0.015" errors="0" timestamp="05 4月 2021 04:05:00 GMT" skipped="0">
  <testcase classname="homework.ch11_13.CompositeComponentTest" name="testGetPrice" time="0.000"/>
  <testcase classname="homework.ch11_13.CompositeComponentTest" name="testRemove" time="0.000"/>
  <testcase classname="homework.ch11_13.CompositeComponentTest" name="testCalcPrice" time="0.000"/>
  <testcase classname="homework.ch11_13.CompositeComponentTest" name="testIterator" time="0.000"/>
  <testcase classname="homework.ch11_13.CompositeComponentTest" name="testCalcPrice" time="0.000"/>
  <testcase classname="homework.ch11_13.CompositeComponentTest" name="testRemove" time="0.000"/>
  <testcase classname="homework.ch11_13.CompositeComponentTest" name="testAdd" time="0.000"/>
  <testcase classname="homework.ch11_13.CompositeComponentTest" name="testGetPrice" time="0.000"/>
  <testcase classname="homework.ch11_13.CompositeComponentTest" name="testTestToString" time="0.001"/>
  <testcase classname="homework.ch11_13.CompositeComponentTest" name="testRemove" time="0.000"/>
  <testcase classname="homework.ch11_13.CompositeComponentTest" name="testAdd" time="0.000"/>
  <testcase classname="homework.ch11_13.CompositeComponentTest" name="testGetPrice" time="0.001"/>
  <testcase classname="homework.ch11_13.CompositeComponentTest" name="testAdd" time="0.013"/>
  <testcase classname="homework.ch11_13.CompositeComponentTest" name="testCalcPrice" time="0.000"/>
</testsuite> <!-- homework.ch11_13.CompositeComponentTest -->
