<?xml version="1.0" encoding="UTF-8"?>
<!-- Generated by org.testng.reporters.JUnitReportReporter -->
<testsuite hostname="DESKTOP-P6TE74L" failures="0" tests="11" name="homework.ch11_13.AtomicComponentTest" time="0.002" errors="0" timestamp="05 4月 2021 04:05:00 GMT" skipped="0">
  <testcase classname="homework.ch11_13.AtomicComponentTest" name="testGetId" time="0.000"/>
  <testcase classname="homework.ch11_13.AtomicComponentTest" name="testSetId" time="0.000"/>
  <testcase classname="homework.ch11_13.AtomicComponentTest" name="testGetName" time="0.000"/>
  <testcase classname="homework.ch11_13.AtomicComponentTest" name="testGetPrice" time="0.000"/>
  <testcase classname="homework.ch11_13.AtomicComponentTest" name="testCalcPrice" time="0.000"/>
  <testcase classname="homework.ch11_13.AtomicComponentTest" name="testSetName" time="0.000"/>
  <testcase classname="homework.ch11_13.AtomicComponentTest" name="testTestToString" time="0.000"/>
  <testcase classname="homework.ch11_13.AtomicComponentTest" name="testSetPrice" time="0.001"/>
  <testcase classname="homework.ch11_13.AtomicComponentTest" name="testIterator" time="0.000"/>
  <testcase classname="homework.ch11_13.AtomicComponentTest" name="testRemove" time="0.000"/>
  <testcase classname="homework.ch11_13.AtomicComponentTest" name="testAdd" time="0.001"/>
</testsuite> <!-- homework.ch11_13.AtomicComponentTest -->
