<?xml version="1.0" encoding="UTF-8"?>
<!-- Generated by org.testng.reporters.JUnitReportReporter -->
<testsuite hostname="DESKTOP-P6TE74L" failures="0" tests="15" name="homework.ch11_13.FacultyTest" time="0.005" errors="0" timestamp="05 4月 2021 04:05:00 GMT" skipped="0">
  <testcase classname="homework.ch11_13.FacultyTest" name="testTestEquals" time="0.000"/>
  <testcase classname="homework.ch11_13.FacultyTest" name="testSetTitle" time="0.001"/>
  <testcase classname="homework.ch11_13.FacultyTest" name="testGetFacultyId" time="0.000"/>
  <testcase classname="homework.ch11_13.FacultyTest" name="testTestEquals" time="0.000"/>
  <testcase classname="homework.ch11_13.FacultyTest" name="testGetTitle" time="0.000"/>
  <testcase classname="homework.ch11_13.FacultyTest" name="testTestToString" time="0.001"/>
  <testcase classname="homework.ch11_13.FacultyTest" name="testGetEmail" time="0.000"/>
  <testcase classname="homework.ch11_13.FacultyTest" name="testTestEquals" time="0.000"/>
  <testcase classname="homework.ch11_13.FacultyTest" name="testTestEquals" time="0.000"/>
  <testcase classname="homework.ch11_13.FacultyTest" name="testSetFacultyId" time="0.001"/>
  <testcase classname="homework.ch11_13.FacultyTest" name="testTestEquals" time="0.000"/>
  <testcase classname="homework.ch11_13.FacultyTest" name="testTestClone" time="0.000"/>
  <testcase classname="homework.ch11_13.FacultyTest" name="testSetEmail" time="0.000"/>
  <testcase classname="homework.ch11_13.FacultyTest" name="testTestEquals" time="0.001"/>
  <testcase classname="homework.ch11_13.FacultyTest" name="testTestEquals" time="0.001"/>
</testsuite> <!-- homework.ch11_13.FacultyTest -->
