<?xml version="1.0" encoding="UTF-8"?>
<testng-results ignored="0" total="83" passed="83" failed="0" skipped="0">
  <reporter-output>
  </reporter-output>
  <suite started-at="2021-04-05T04:05:00Z" name="All Test Suite" finished-at="2021-04-05T04:05:00Z" duration-ms="0">
    <groups>
    </groups>
  </suite> <!-- All Test Suite -->
  <suite started-at="2021-04-05T04:04:58Z" name="All Test Suite (0)" finished-at="2021-04-05T04:04:59Z" duration-ms="1278">
    <groups>
    </groups>
    <test started-at="2021-04-05T04:04:58Z" name="D:/IdeaWorkspace/TestNGDemo/test/homework/ch11_13/PersonTest.java" finished-at="2021-04-05T04:04:58Z" duration-ms="74">
      <class name="homework.ch11_13.PersonTest">
        <test-method signature="testGetName()[pri:0, instance:homework.ch11_13.PersonTest@6043cd28]" started-at="2021-04-05T04:04:58Z" name="testGetName" finished-at="2021-04-05T04:04:58Z" duration-ms="8" status="PASS">
          <reporter-output>
          </reporter-output>
        </test-method> <!-- testGetName -->
        <test-method signature="testSetAge()[pri:0, instance:homework.ch11_13.PersonTest@6043cd28]" started-at="2021-04-05T04:04:58Z" name="testSetAge" finished-at="2021-04-05T04:04:58Z" duration-ms="0" status="PASS">
          <reporter-output>
          </reporter-output>
        </test-method> <!-- testSetAge -->
        <test-method signature="testGetAge()[pri:0, instance:homework.ch11_13.PersonTest@6043cd28]" started-at="2021-04-05T04:04:58Z" name="testGetAge" finished-at="2021-04-05T04:04:58Z" duration-ms="0" status="PASS">
          <reporter-output>
          </reporter-output>
        </test-method> <!-- testGetAge -->
        <test-method signature="testSetName()[pri:0, instance:homework.ch11_13.PersonTest@6043cd28]" started-at="2021-04-05T04:04:58Z" name="testSetName" finished-at="2021-04-05T04:04:58Z" duration-ms="0" status="PASS">
          <reporter-output>
          </reporter-output>
        </test-method> <!-- testSetName -->
        <test-method signature="testTestToString()[pri:0, instance:homework.ch11_13.PersonTest@6043cd28]" started-at="2021-04-05T04:04:58Z" name="testTestToString" finished-at="2021-04-05T04:04:58Z" duration-ms="7" status="PASS">
          <reporter-output>
          </reporter-output>
        </test-method> <!-- testTestToString -->
        <test-method signature="testTestEquals()[pri:0, instance:homework.ch11_13.PersonTest@6043cd28]" started-at="2021-04-05T04:04:58Z" name="testTestEquals" finished-at="2021-04-05T04:04:58Z" duration-ms="1" status="PASS">
          <reporter-output>
          </reporter-output>
        </test-method> <!-- testTestEquals -->
        <test-method signature="testTestClone()[pri:0, instance:homework.ch11_13.PersonTest@6043cd28]" started-at="2021-04-05T04:04:58Z" name="testTestClone" finished-at="2021-04-05T04:04:58Z" duration-ms="0" status="PASS">
          <reporter-output>
          </reporter-output>
        </test-method> <!-- testTestClone -->
      </class> <!-- homework.ch11_13.PersonTest -->
    </test> <!-- D:/IdeaWorkspace/TestNGDemo/test/homework/ch11_13/PersonTest.java -->
    <test started-at="2021-04-05T04:04:59Z" name="D:/IdeaWorkspace/TestNGDemo/test/homework/ch11_13/StudentTest.java" finished-at="2021-04-05T04:04:59Z" duration-ms="32">
      <class name="homework.ch11_13.StudentTest">
        <test-method signature="testGetStudentId(homework.ch11_13.p3.Student, int)[pri:0, instance:homework.ch11_13.StudentTest@43bd930a]" started-at="2021-04-05T04:04:59Z" name="testGetStudentId" data-provider="studentDataProvider" finished-at="2021-04-05T04:04:59Z" duration-ms="1" status="PASS">
          <params>
            <param index="0">
              <value>
                <![CDATA[name: aaa, age: 20, studentId: 20170101, department: CS, classNo: CS1704]]>
              </value>
            </param>
            <param index="1">
              <value>
                <![CDATA[20170101]]>
              </value>
            </param>
          </params>
          <reporter-output>
          </reporter-output>
        </test-method> <!-- testGetStudentId -->
        <test-method signature="testSetStudentId(homework.ch11_13.p3.Student, int)[pri:0, instance:homework.ch11_13.StudentTest@43bd930a]" started-at="2021-04-05T04:04:59Z" name="testSetStudentId" data-provider="studentDataProvider" finished-at="2021-04-05T04:04:59Z" duration-ms="0" status="PASS">
          <params>
            <param index="0">
              <value>
                <![CDATA[name: null, age: 0, studentId: 20170102, department: null, classNo: null]]>
              </value>
            </param>
            <param index="1">
              <value>
                <![CDATA[20170102]]>
              </value>
            </param>
          </params>
          <reporter-output>
          </reporter-output>
        </test-method> <!-- testSetStudentId -->
        <test-method signature="testGetDepartment(homework.ch11_13.p3.Student, java.lang.String)[pri:0, instance:homework.ch11_13.StudentTest@43bd930a]" started-at="2021-04-05T04:04:59Z" name="testGetDepartment" data-provider="studentDataProvider" finished-at="2021-04-05T04:04:59Z" duration-ms="0" status="PASS">
          <params>
            <param index="0">
              <value>
                <![CDATA[name: aaa, age: 20, studentId: 20170101, department: CS, classNo: CS1704]]>
              </value>
            </param>
            <param index="1">
              <value>
                <![CDATA[CS]]>
              </value>
            </param>
          </params>
          <reporter-output>
          </reporter-output>
        </test-method> <!-- testGetDepartment -->
        <test-method signature="testGetClassNo(homework.ch11_13.p3.Student, java.lang.String)[pri:0, instance:homework.ch11_13.StudentTest@43bd930a]" started-at="2021-04-05T04:04:59Z" name="testGetClassNo" data-provider="studentDataProvider" finished-at="2021-04-05T04:04:59Z" duration-ms="0" status="PASS">
          <params>
            <param index="0">
              <value>
                <![CDATA[name: aaa, age: 20, studentId: 20170101, department: CS, classNo: CS1704]]>
              </value>
            </param>
            <param index="1">
              <value>
                <![CDATA[CS1704]]>
              </value>
            </param>
          </params>
          <reporter-output>
          </reporter-output>
        </test-method> <!-- testGetClassNo -->
        <test-method signature="testSetDepartment(homework.ch11_13.p3.Student, java.lang.String)[pri:0, instance:homework.ch11_13.StudentTest@43bd930a]" started-at="2021-04-05T04:04:59Z" name="testSetDepartment" data-provider="studentDataProvider" finished-at="2021-04-05T04:04:59Z" duration-ms="0" status="PASS">
          <params>
            <param index="0">
              <value>
                <![CDATA[name: null, age: 0, studentId: 0, department: EE, classNo: null]]>
              </value>
            </param>
            <param index="1">
              <value>
                <![CDATA[EE]]>
              </value>
            </param>
          </params>
          <reporter-output>
          </reporter-output>
        </test-method> <!-- testSetDepartment -->
        <test-method signature="testSetClassNo(homework.ch11_13.p3.Student, java.lang.String)[pri:0, instance:homework.ch11_13.StudentTest@43bd930a]" started-at="2021-04-05T04:04:59Z" name="testSetClassNo" data-provider="studentDataProvider" finished-at="2021-04-05T04:04:59Z" duration-ms="1" status="PASS">
          <params>
            <param index="0">
              <value>
                <![CDATA[name: null, age: 0, studentId: 0, department: null, classNo: CS1704]]>
              </value>
            </param>
            <param index="1">
              <value>
                <![CDATA[CS1704]]>
              </value>
            </param>
          </params>
          <reporter-output>
          </reporter-output>
        </test-method> <!-- testSetClassNo -->
        <test-method signature="testTestToString(homework.ch11_13.p3.Student, [Ljava.lang.Object;)[pri:0, instance:homework.ch11_13.StudentTest@43bd930a]" started-at="2021-04-05T04:04:59Z" name="testTestToString" data-provider="studentDataProvider" finished-at="2021-04-05T04:04:59Z" duration-ms="10" status="PASS">
          <params>
            <param index="0">
              <value>
                <![CDATA[name: aaa, age: 20, studentId: 20170101, department: CS, classNo: CS1704]]>
              </value>
            </param>
            <param index="1">
              <value>
                <![CDATA[[Ljava.lang.Object;@21507a04]]>
              </value>
            </param>
          </params>
          <reporter-output>
          </reporter-output>
        </test-method> <!-- testTestToString -->
        <test-method signature="testTestEquals([Lhomework.ch11_13.p3.Student;, boolean)[pri:0, instance:homework.ch11_13.StudentTest@43bd930a]" started-at="2021-04-05T04:04:59Z" name="testTestEquals" data-provider="studentDataProvider" finished-at="2021-04-05T04:04:59Z" duration-ms="0" status="PASS">
          <params>
            <param index="0">
              <value>
                <![CDATA[[Lhomework.ch11_13.p3.Student;@258e2e41]]>
              </value>
            </param>
            <param index="1">
              <value>
                <![CDATA[true]]>
              </value>
            </param>
          </params>
          <reporter-output>
          </reporter-output>
        </test-method> <!-- testTestEquals -->
        <test-method signature="testTestEquals([Lhomework.ch11_13.p3.Student;, boolean)[pri:0, instance:homework.ch11_13.StudentTest@43bd930a]" started-at="2021-04-05T04:04:59Z" name="testTestEquals" data-provider="studentDataProvider" finished-at="2021-04-05T04:04:59Z" duration-ms="0" status="PASS">
          <params>
            <param index="0">
              <value>
                <![CDATA[[Lhomework.ch11_13.p3.Student;@55a561cf]]>
              </value>
            </param>
            <param index="1">
              <value>
                <![CDATA[true]]>
              </value>
            </param>
          </params>
          <reporter-output>
          </reporter-output>
        </test-method> <!-- testTestEquals -->
        <test-method signature="testTestEquals([Lhomework.ch11_13.p3.Student;, boolean)[pri:0, instance:homework.ch11_13.StudentTest@43bd930a]" started-at="2021-04-05T04:04:59Z" name="testTestEquals" data-provider="studentDataProvider" finished-at="2021-04-05T04:04:59Z" duration-ms="0" status="PASS">
          <params>
            <param index="0">
              <value>
                <![CDATA[[Lhomework.ch11_13.p3.Student;@3b938003]]>
              </value>
            </param>
            <param index="1">
              <value>
                <![CDATA[false]]>
              </value>
            </param>
          </params>
          <reporter-output>
          </reporter-output>
        </test-method> <!-- testTestEquals -->
        <test-method signature="testTestEquals([Lhomework.ch11_13.p3.Student;, boolean)[pri:0, instance:homework.ch11_13.StudentTest@43bd930a]" started-at="2021-04-05T04:04:59Z" name="testTestEquals" data-provider="studentDataProvider" finished-at="2021-04-05T04:04:59Z" duration-ms="0" status="PASS">
          <params>
            <param index="0">
              <value>
                <![CDATA[[Lhomework.ch11_13.p3.Student;@78b1cc93]]>
              </value>
            </param>
            <param index="1">
              <value>
                <![CDATA[false]]>
              </value>
            </param>
          </params>
          <reporter-output>
          </reporter-output>
        </test-method> <!-- testTestEquals -->
        <test-method signature="testTestEquals([Lhomework.ch11_13.p3.Student;, boolean)[pri:0, instance:homework.ch11_13.StudentTest@43bd930a]" started-at="2021-04-05T04:04:59Z" name="testTestEquals" data-provider="studentDataProvider" finished-at="2021-04-05T04:04:59Z" duration-ms="0" status="PASS">
          <params>
            <param index="0">
              <value>
                <![CDATA[[Lhomework.ch11_13.p3.Student;@6f3b5d16]]>
              </value>
            </param>
            <param index="1">
              <value>
                <![CDATA[false]]>
              </value>
            </param>
          </params>
          <reporter-output>
          </reporter-output>
        </test-method> <!-- testTestEquals -->
        <test-method signature="testTestEquals([Lhomework.ch11_13.p3.Student;, boolean)[pri:0, instance:homework.ch11_13.StudentTest@43bd930a]" started-at="2021-04-05T04:04:59Z" name="testTestEquals" data-provider="studentDataProvider" finished-at="2021-04-05T04:04:59Z" duration-ms="0" status="PASS">
          <params>
            <param index="0">
              <value>
                <![CDATA[[Lhomework.ch11_13.p3.Student;@3d299e3]]>
              </value>
            </param>
            <param index="1">
              <value>
                <![CDATA[false]]>
              </value>
            </param>
          </params>
          <reporter-output>
          </reporter-output>
        </test-method> <!-- testTestEquals -->
        <test-method signature="testTestEquals([Lhomework.ch11_13.p3.Student;, boolean)[pri:0, instance:homework.ch11_13.StudentTest@43bd930a]" started-at="2021-04-05T04:04:59Z" name="testTestEquals" data-provider="studentDataProvider" finished-at="2021-04-05T04:04:59Z" duration-ms="0" status="PASS">
          <params>
            <param index="0">
              <value>
                <![CDATA[[Lhomework.ch11_13.p3.Student;@6646153]]>
              </value>
            </param>
            <param index="1">
              <value>
                <![CDATA[false]]>
              </value>
            </param>
          </params>
          <reporter-output>
          </reporter-output>
        </test-method> <!-- testTestEquals -->
        <test-method signature="testTestClone(homework.ch11_13.p3.Student, java.lang.Object)[pri:0, instance:homework.ch11_13.StudentTest@43bd930a]" started-at="2021-04-05T04:04:59Z" name="testTestClone" data-provider="studentDataProvider" finished-at="2021-04-05T04:04:59Z" duration-ms="0" status="PASS">
          <params>
            <param index="0">
              <value>
                <![CDATA[name: aaa, age: 20, studentId: 20170101, department: CS, classNo: CS1704]]>
              </value>
            </param>
            <param index="1">
              <value is-null="true"/>
            </param>
          </params>
          <reporter-output>
          </reporter-output>
        </test-method> <!-- testTestClone -->
      </class> <!-- homework.ch11_13.StudentTest -->
    </test> <!-- D:/IdeaWorkspace/TestNGDemo/test/homework/ch11_13/StudentTest.java -->
    <test started-at="2021-04-05T04:04:59Z" name="D:/IdeaWorkspace/TestNGDemo/test/homework/ch11_13/FacultyTest.java" finished-at="2021-04-05T04:04:59Z" duration-ms="12">
      <class name="homework.ch11_13.FacultyTest">
        <test-method signature="testGetFacultyId(homework.ch11_13.p3.Faculty, int)[pri:0, instance:homework.ch11_13.FacultyTest@13eb8acf]" started-at="2021-04-05T04:04:59Z" name="testGetFacultyId" data-provider="facultyDataProvider" finished-at="2021-04-05T04:04:59Z" duration-ms="0" status="PASS">
          <params>
            <param index="0">
              <value>
                <![CDATA[name: aaa, age: 20, facultyId: 1998000111, title: Professor, email: abc@qq.com]]>
              </value>
            </param>
            <param index="1">
              <value>
                <![CDATA[1998000111]]>
              </value>
            </param>
          </params>
          <reporter-output>
          </reporter-output>
        </test-method> <!-- testGetFacultyId -->
        <test-method signature="testSetFacultyId(homework.ch11_13.p3.Faculty, int)[pri:0, instance:homework.ch11_13.FacultyTest@13eb8acf]" started-at="2021-04-05T04:04:59Z" name="testSetFacultyId" data-provider="facultyDataProvider" finished-at="2021-04-05T04:04:59Z" duration-ms="1" status="PASS">
          <params>
            <param index="0">
              <value>
                <![CDATA[name: null, age: 0, facultyId: 1998000112, title: null, email: null]]>
              </value>
            </param>
            <param index="1">
              <value>
                <![CDATA[1998000112]]>
              </value>
            </param>
          </params>
          <reporter-output>
          </reporter-output>
        </test-method> <!-- testSetFacultyId -->
        <test-method signature="testGetTitle(homework.ch11_13.p3.Faculty, java.lang.String)[pri:0, instance:homework.ch11_13.FacultyTest@13eb8acf]" started-at="2021-04-05T04:04:59Z" name="testGetTitle" data-provider="facultyDataProvider" finished-at="2021-04-05T04:04:59Z" duration-ms="0" status="PASS">
          <params>
            <param index="0">
              <value>
                <![CDATA[name: aaa, age: 20, facultyId: 1998000111, title: Professor, email: abc@qq.com]]>
              </value>
            </param>
            <param index="1">
              <value>
                <![CDATA[Professor]]>
              </value>
            </param>
          </params>
          <reporter-output>
          </reporter-output>
        </test-method> <!-- testGetTitle -->
        <test-method signature="testSetTitle(homework.ch11_13.p3.Faculty, java.lang.String)[pri:0, instance:homework.ch11_13.FacultyTest@13eb8acf]" started-at="2021-04-05T04:04:59Z" name="testSetTitle" data-provider="facultyDataProvider" finished-at="2021-04-05T04:04:59Z" duration-ms="1" status="PASS">
          <params>
            <param index="0">
              <value>
                <![CDATA[name: null, age: 0, facultyId: 0, title: Lecturer, email: null]]>
              </value>
            </param>
            <param index="1">
              <value>
                <![CDATA[Lecturer]]>
              </value>
            </param>
          </params>
          <reporter-output>
          </reporter-output>
        </test-method> <!-- testSetTitle -->
        <test-method signature="testGetEmail(homework.ch11_13.p3.Faculty, java.lang.String)[pri:0, instance:homework.ch11_13.FacultyTest@13eb8acf]" started-at="2021-04-05T04:04:59Z" name="testGetEmail" data-provider="facultyDataProvider" finished-at="2021-04-05T04:04:59Z" duration-ms="0" status="PASS">
          <params>
            <param index="0">
              <value>
                <![CDATA[name: aaa, age: 20, facultyId: 1998000111, title: Professor, email: abc@qq.com]]>
              </value>
            </param>
            <param index="1">
              <value>
                <![CDATA[abc@qq.com]]>
              </value>
            </param>
          </params>
          <reporter-output>
          </reporter-output>
        </test-method> <!-- testGetEmail -->
        <test-method signature="testSetEmail(homework.ch11_13.p3.Faculty, java.lang.String)[pri:0, instance:homework.ch11_13.FacultyTest@13eb8acf]" started-at="2021-04-05T04:04:59Z" name="testSetEmail" data-provider="facultyDataProvider" finished-at="2021-04-05T04:04:59Z" duration-ms="0" status="PASS">
          <params>
            <param index="0">
              <value>
                <![CDATA[name: null, age: 0, facultyId: 0, title: null, email: 123@qq.com]]>
              </value>
            </param>
            <param index="1">
              <value>
                <![CDATA[123@qq.com]]>
              </value>
            </param>
          </params>
          <reporter-output>
          </reporter-output>
        </test-method> <!-- testSetEmail -->
        <test-method signature="testTestToString(homework.ch11_13.p3.Faculty, [Ljava.lang.Object;)[pri:0, instance:homework.ch11_13.FacultyTest@13eb8acf]" started-at="2021-04-05T04:04:59Z" name="testTestToString" data-provider="facultyDataProvider" finished-at="2021-04-05T04:04:59Z" duration-ms="1" status="PASS">
          <params>
            <param index="0">
              <value>
                <![CDATA[name: aaa, age: 20, facultyId: 1998000111, title: Professor, email: abc@qq.com]]>
              </value>
            </param>
            <param index="1">
              <value>
                <![CDATA[[Ljava.lang.Object;@327b636c]]>
              </value>
            </param>
          </params>
          <reporter-output>
          </reporter-output>
        </test-method> <!-- testTestToString -->
        <test-method signature="testTestEquals([Lhomework.ch11_13.p3.Faculty;, boolean)[pri:0, instance:homework.ch11_13.FacultyTest@13eb8acf]" started-at="2021-04-05T04:04:59Z" name="testTestEquals" data-provider="facultyDataProvider" finished-at="2021-04-05T04:04:59Z" duration-ms="0" status="PASS">
          <params>
            <param index="0">
              <value>
                <![CDATA[[Lhomework.ch11_13.p3.Faculty;@37e547da]]>
              </value>
            </param>
            <param index="1">
              <value>
                <![CDATA[true]]>
              </value>
            </param>
          </params>
          <reporter-output>
          </reporter-output>
        </test-method> <!-- testTestEquals -->
        <test-method signature="testTestEquals([Lhomework.ch11_13.p3.Faculty;, boolean)[pri:0, instance:homework.ch11_13.FacultyTest@13eb8acf]" started-at="2021-04-05T04:04:59Z" name="testTestEquals" data-provider="facultyDataProvider" finished-at="2021-04-05T04:04:59Z" duration-ms="1" status="PASS">
          <params>
            <param index="0">
              <value>
                <![CDATA[[Lhomework.ch11_13.p3.Faculty;@2b6856dd]]>
              </value>
            </param>
            <param index="1">
              <value>
                <![CDATA[false]]>
              </value>
            </param>
          </params>
          <reporter-output>
          </reporter-output>
        </test-method> <!-- testTestEquals -->
        <test-method signature="testTestEquals([Lhomework.ch11_13.p3.Faculty;, boolean)[pri:0, instance:homework.ch11_13.FacultyTest@13eb8acf]" started-at="2021-04-05T04:04:59Z" name="testTestEquals" data-provider="facultyDataProvider" finished-at="2021-04-05T04:04:59Z" duration-ms="0" status="PASS">
          <params>
            <param index="0">
              <value>
                <![CDATA[[Lhomework.ch11_13.p3.Faculty;@7c417213]]>
              </value>
            </param>
            <param index="1">
              <value>
                <![CDATA[false]]>
              </value>
            </param>
          </params>
          <reporter-output>
          </reporter-output>
        </test-method> <!-- testTestEquals -->
        <test-method signature="testTestEquals([Lhomework.ch11_13.p3.Faculty;, boolean)[pri:0, instance:homework.ch11_13.FacultyTest@13eb8acf]" started-at="2021-04-05T04:04:59Z" name="testTestEquals" data-provider="facultyDataProvider" finished-at="2021-04-05T04:04:59Z" duration-ms="0" status="PASS">
          <params>
            <param index="0">
              <value>
                <![CDATA[[Lhomework.ch11_13.p3.Faculty;@6107227e]]>
              </value>
            </param>
            <param index="1">
              <value>
                <![CDATA[false]]>
              </value>
            </param>
          </params>
          <reporter-output>
          </reporter-output>
        </test-method> <!-- testTestEquals -->
        <test-method signature="testTestEquals([Lhomework.ch11_13.p3.Faculty;, boolean)[pri:0, instance:homework.ch11_13.FacultyTest@13eb8acf]" started-at="2021-04-05T04:04:59Z" name="testTestEquals" data-provider="facultyDataProvider" finished-at="2021-04-05T04:04:59Z" duration-ms="0" status="PASS">
          <params>
            <param index="0">
              <value>
                <![CDATA[[Lhomework.ch11_13.p3.Faculty;@15761df8]]>
              </value>
            </param>
            <param index="1">
              <value>
                <![CDATA[false]]>
              </value>
            </param>
          </params>
          <reporter-output>
          </reporter-output>
        </test-method> <!-- testTestEquals -->
        <test-method signature="testTestEquals([Lhomework.ch11_13.p3.Faculty;, boolean)[pri:0, instance:homework.ch11_13.FacultyTest@13eb8acf]" started-at="2021-04-05T04:04:59Z" name="testTestEquals" data-provider="facultyDataProvider" finished-at="2021-04-05T04:04:59Z" duration-ms="0" status="PASS">
          <params>
            <param index="0">
              <value>
                <![CDATA[[Lhomework.ch11_13.p3.Faculty;@5db45159]]>
              </value>
            </param>
            <param index="1">
              <value>
                <![CDATA[true]]>
              </value>
            </param>
          </params>
          <reporter-output>
          </reporter-output>
        </test-method> <!-- testTestEquals -->
        <test-method signature="testTestEquals([Lhomework.ch11_13.p3.Faculty;, boolean)[pri:0, instance:homework.ch11_13.FacultyTest@13eb8acf]" started-at="2021-04-05T04:04:59Z" name="testTestEquals" data-provider="facultyDataProvider" finished-at="2021-04-05T04:04:59Z" duration-ms="1" status="PASS">
          <params>
            <param index="0">
              <value>
                <![CDATA[[Lhomework.ch11_13.p3.Faculty;@6ab7a896]]>
              </value>
            </param>
            <param index="1">
              <value>
                <![CDATA[false]]>
              </value>
            </param>
          </params>
          <reporter-output>
          </reporter-output>
        </test-method> <!-- testTestEquals -->
        <test-method signature="testTestClone(homework.ch11_13.p3.Faculty, java.lang.Object)[pri:0, instance:homework.ch11_13.FacultyTest@13eb8acf]" started-at="2021-04-05T04:04:59Z" name="testTestClone" data-provider="facultyDataProvider" finished-at="2021-04-05T04:04:59Z" duration-ms="0" status="PASS">
          <params>
            <param index="0">
              <value>
                <![CDATA[name: aaa, age: 20, facultyId: 1998000111, title: Professor, email: abc@qq.com]]>
              </value>
            </param>
            <param index="1">
              <value is-null="true"/>
            </param>
          </params>
          <reporter-output>
          </reporter-output>
        </test-method> <!-- testTestClone -->
      </class> <!-- homework.ch11_13.FacultyTest -->
    </test> <!-- D:/IdeaWorkspace/TestNGDemo/test/homework/ch11_13/FacultyTest.java -->
    <test started-at="2021-04-05T04:04:59Z" name="D:/IdeaWorkspace/TestNGDemo/test/homework/ch11_13/CourseTest.java" finished-at="2021-04-05T04:04:59Z" duration-ms="7">
      <class name="homework.ch11_13.CourseTest">
        <test-method signature="testGetCourseName(homework.ch11_13.p3.Course, java.lang.String)[pri:0, instance:homework.ch11_13.CourseTest@365185bd]" started-at="2021-04-05T04:04:59Z" name="testGetCourseName" data-provider="courseDataProvider" finished-at="2021-04-05T04:04:59Z" duration-ms="0" status="PASS">
          <params>
            <param index="0">
              <value>
                <![CDATA[Course Name: Java Language Programming
Teacher Info: name: James Gosling, age: 65, facultyId: 0, title: Professor, email: http://nighthacks.com/jag/bio/index.html
Student List:
Totally: 0 students.
]]>
              </value>
            </param>
            <param index="1">
              <value>
                <![CDATA[Java Language Programming]]>
              </value>
            </param>
          </params>
          <reporter-output>
          </reporter-output>
        </test-method> <!-- testGetCourseName -->
        <test-method signature="testRegister(homework.ch11_13.p3.Course, [Lhomework.ch11_13.p3.Person;)[pri:0, instance:homework.ch11_13.CourseTest@365185bd]" started-at="2021-04-05T04:04:59Z" name="testRegister" data-provider="courseDataProvider" finished-at="2021-04-05T04:04:59Z" duration-ms="0" status="PASS">
          <params>
            <param index="0">
              <value>
                <![CDATA[Course Name: Java Language Programming
Teacher Info: name: James Gosling, age: 65, facultyId: 0, title: Professor, email: http://nighthacks.com/jag/bio/index.html
Student List:
Totally: 0 students.
]]>
              </value>
            </param>
            <param index="1">
              <value>
                <![CDATA[[Lhomework.ch11_13.p3.Person;@79ca92b9]]>
              </value>
            </param>
          </params>
          <reporter-output>
          </reporter-output>
        </test-method> <!-- testRegister -->
        <test-method signature="testGetTeacher(homework.ch11_13.p3.Course, homework.ch11_13.p3.Person)[pri:0, instance:homework.ch11_13.CourseTest@365185bd]" started-at="2021-04-05T04:04:59Z" name="testGetTeacher" data-provider="courseDataProvider" finished-at="2021-04-05T04:04:59Z" duration-ms="0" status="PASS">
          <params>
            <param index="0">
              <value>
                <![CDATA[Course Name: Java Language Programming
Teacher Info: name: James Gosling, age: 65, facultyId: 0, title: Professor, email: http://nighthacks.com/jag/bio/index.html
Student List:
Totally: 0 students.
]]>
              </value>
            </param>
            <param index="1">
              <value>
                <![CDATA[name: James Gosling, age: 65, facultyId: 0, title: Professor, email: http://nighthacks.com/jag/bio/index.html]]>
              </value>
            </param>
          </params>
          <reporter-output>
          </reporter-output>
        </test-method> <!-- testGetTeacher -->
        <test-method signature="testGetStudents(homework.ch11_13.p3.Course, [Lhomework.ch11_13.p3.Person;)[pri:0, instance:homework.ch11_13.CourseTest@365185bd]" started-at="2021-04-05T04:04:59Z" name="testGetStudents" data-provider="courseDataProvider" finished-at="2021-04-05T04:04:59Z" duration-ms="0" status="PASS">
          <params>
            <param index="0">
              <value>
                <![CDATA[Course Name: Java Language Programming
Teacher Info: name: James Gosling, age: 65, facultyId: 0, title: Professor, email: http://nighthacks.com/jag/bio/index.html
Student List:
name: aaa, age: 20, studentId: 20170101, department: CS, classNo: CS1704
name: bbb, age: 20, studentId: 20170102, department: CS, classNo: CS1705
name: ccc, age: 20, studentId: 20170103, department: CS, classNo: CS1706
Totally: 3 students.
]]>
              </value>
            </param>
            <param index="1">
              <value>
                <![CDATA[[Lhomework.ch11_13.p3.Person;@8909f18]]>
              </value>
            </param>
          </params>
          <reporter-output>
          </reporter-output>
        </test-method> <!-- testGetStudents -->
        <test-method signature="testTestClone(homework.ch11_13.p3.Course, java.lang.Object)[pri:0, instance:homework.ch11_13.CourseTest@365185bd]" started-at="2021-04-05T04:04:59Z" name="testTestClone" data-provider="courseDataProvider" finished-at="2021-04-05T04:04:59Z" duration-ms="1" status="PASS">
          <params>
            <param index="0">
              <value>
                <![CDATA[Course Name: Java Language Programming
Teacher Info: name: James Gosling, age: 65, facultyId: 0, title: Professor, email: http://nighthacks.com/jag/bio/index.html
Student List:
name: aaa, age: 20, studentId: 20170101, department: CS, classNo: CS1704
name: bbb, age: 20, studentId: 20170102, department: CS, classNo: CS1705
name: ccc, age: 20, studentId: 20170103, department: CS, classNo: CS1706
Totally: 3 students.
]]>
              </value>
            </param>
            <param index="1">
              <value is-null="true"/>
            </param>
          </params>
          <reporter-output>
          </reporter-output>
        </test-method> <!-- testTestClone -->
        <test-method signature="testGetNumberOfStudent(homework.ch11_13.p3.Course, int)[pri:0, instance:homework.ch11_13.CourseTest@365185bd]" started-at="2021-04-05T04:04:59Z" name="testGetNumberOfStudent" data-provider="courseDataProvider" finished-at="2021-04-05T04:04:59Z" duration-ms="0" status="PASS">
          <params>
            <param index="0">
              <value>
                <![CDATA[Course Name: Java Language Programming
Teacher Info: name: James Gosling, age: 65, facultyId: 0, title: Professor, email: http://nighthacks.com/jag/bio/index.html
Student List:
name: aaa, age: 20, studentId: 20170101, department: CS, classNo: CS1704
name: bbb, age: 20, studentId: 20170102, department: CS, classNo: CS1705
name: ccc, age: 20, studentId: 20170103, department: CS, classNo: CS1706
Totally: 3 students.
]]>
              </value>
            </param>
            <param index="1">
              <value>
                <![CDATA[3]]>
              </value>
            </param>
          </params>
          <reporter-output>
          </reporter-output>
        </test-method> <!-- testGetNumberOfStudent -->
        <test-method signature="testUnregister(homework.ch11_13.p3.Course, [Lhomework.ch11_13.p3.Person;)[pri:0, instance:homework.ch11_13.CourseTest@365185bd]" started-at="2021-04-05T04:04:59Z" name="testUnregister" data-provider="courseDataProvider" finished-at="2021-04-05T04:04:59Z" duration-ms="0" status="PASS">
          <params>
            <param index="0">
              <value>
                <![CDATA[Course Name: Java Language Programming
Teacher Info: name: James Gosling, age: 65, facultyId: 0, title: Professor, email: http://nighthacks.com/jag/bio/index.html
Student List:
name: aaa, age: 20, studentId: 20170101, department: CS, classNo: CS1704
name: bbb, age: 20, studentId: 20170102, department: CS, classNo: CS1705
name: ccc, age: 20, studentId: 20170103, department: CS, classNo: CS1706
Totally: 3 students.
]]>
              </value>
            </param>
            <param index="1">
              <value>
                <![CDATA[[Lhomework.ch11_13.p3.Person;@1198b989]]>
              </value>
            </param>
          </params>
          <reporter-output>
          </reporter-output>
        </test-method> <!-- testUnregister -->
        <test-method signature="testTestToString(homework.ch11_13.p3.Course, [Ljava.lang.String;)[pri:0, instance:homework.ch11_13.CourseTest@365185bd]" started-at="2021-04-05T04:04:59Z" name="testTestToString" data-provider="courseDataProvider" finished-at="2021-04-05T04:04:59Z" duration-ms="0" status="PASS">
          <params>
            <param index="0">
              <value>
                <![CDATA[Course Name: C++ Language Programming
Teacher Info: name: T1, age: 40, facultyId: 1, title: Professor, email: 123@qq.com
Student List:
name: ccc, age: 21, studentId: 20170103, department: CS1, classNo: CS1705
name: ddd, age: 22, studentId: 20170104, department: CS2, classNo: CS1706
Totally: 2 students.
]]>
              </value>
            </param>
            <param index="1">
              <value>
                <![CDATA[[Ljava.lang.String;@527e5409]]>
              </value>
            </param>
          </params>
          <reporter-output>
          </reporter-output>
        </test-method> <!-- testTestToString -->
        <test-method signature="testTestEquals([Lhomework.ch11_13.p3.Course;, boolean)[pri:0, instance:homework.ch11_13.CourseTest@365185bd]" started-at="2021-04-05T04:04:59Z" name="testTestEquals" data-provider="courseDataProvider" finished-at="2021-04-05T04:04:59Z" duration-ms="0" status="PASS">
          <params>
            <param index="0">
              <value>
                <![CDATA[[Lhomework.ch11_13.p3.Course;@4387b79e]]>
              </value>
            </param>
            <param index="1">
              <value>
                <![CDATA[true]]>
              </value>
            </param>
          </params>
          <reporter-output>
          </reporter-output>
        </test-method> <!-- testTestEquals -->
        <test-method signature="testTestEquals([Lhomework.ch11_13.p3.Course;, boolean)[pri:0, instance:homework.ch11_13.CourseTest@365185bd]" started-at="2021-04-05T04:04:59Z" name="testTestEquals" data-provider="courseDataProvider" finished-at="2021-04-05T04:04:59Z" duration-ms="0" status="PASS">
          <params>
            <param index="0">
              <value>
                <![CDATA[[Lhomework.ch11_13.p3.Course;@1460a8c0]]>
              </value>
            </param>
            <param index="1">
              <value>
                <![CDATA[true]]>
              </value>
            </param>
          </params>
          <reporter-output>
          </reporter-output>
        </test-method> <!-- testTestEquals -->
        <test-method signature="testTestEquals([Lhomework.ch11_13.p3.Course;, boolean)[pri:0, instance:homework.ch11_13.CourseTest@365185bd]" started-at="2021-04-05T04:04:59Z" name="testTestEquals" data-provider="courseDataProvider" finished-at="2021-04-05T04:04:59Z" duration-ms="0" status="PASS">
          <params>
            <param index="0">
              <value>
                <![CDATA[[Lhomework.ch11_13.p3.Course;@4f638935]]>
              </value>
            </param>
            <param index="1">
              <value>
                <![CDATA[false]]>
              </value>
            </param>
          </params>
          <reporter-output>
          </reporter-output>
        </test-method> <!-- testTestEquals -->
        <test-method signature="testTestEquals([Lhomework.ch11_13.p3.Course;, boolean)[pri:0, instance:homework.ch11_13.CourseTest@365185bd]" started-at="2021-04-05T04:04:59Z" name="testTestEquals" data-provider="courseDataProvider" finished-at="2021-04-05T04:04:59Z" duration-ms="0" status="PASS">
          <params>
            <param index="0">
              <value>
                <![CDATA[[Lhomework.ch11_13.p3.Course;@6e75aa0d]]>
              </value>
            </param>
            <param index="1">
              <value>
                <![CDATA[false]]>
              </value>
            </param>
          </params>
          <reporter-output>
          </reporter-output>
        </test-method> <!-- testTestEquals -->
        <test-method signature="testTestEquals([Lhomework.ch11_13.p3.Course;, boolean)[pri:0, instance:homework.ch11_13.CourseTest@365185bd]" started-at="2021-04-05T04:04:59Z" name="testTestEquals" data-provider="courseDataProvider" finished-at="2021-04-05T04:04:59Z" duration-ms="0" status="PASS">
          <params>
            <param index="0">
              <value>
                <![CDATA[[Lhomework.ch11_13.p3.Course;@7fc229ab]]>
              </value>
            </param>
            <param index="1">
              <value>
                <![CDATA[false]]>
              </value>
            </param>
          </params>
          <reporter-output>
          </reporter-output>
        </test-method> <!-- testTestEquals -->
        <test-method signature="testTestEquals([Lhomework.ch11_13.p3.Course;, boolean)[pri:0, instance:homework.ch11_13.CourseTest@365185bd]" started-at="2021-04-05T04:04:59Z" name="testTestEquals" data-provider="courseDataProvider" finished-at="2021-04-05T04:04:59Z" duration-ms="0" status="PASS">
          <params>
            <param index="0">
              <value>
                <![CDATA[[Lhomework.ch11_13.p3.Course;@2cbb3d47]]>
              </value>
            </param>
            <param index="1">
              <value>
                <![CDATA[false]]>
              </value>
            </param>
          </params>
          <reporter-output>
          </reporter-output>
        </test-method> <!-- testTestEquals -->
      </class> <!-- homework.ch11_13.CourseTest -->
    </test> <!-- D:/IdeaWorkspace/TestNGDemo/test/homework/ch11_13/CourseTest.java -->
  </suite> <!-- All Test Suite (0) -->
  <suite started-at="2021-04-05T04:04:59Z" name="All Test Suite (1)" finished-at="2021-04-05T04:05:00Z" duration-ms="332">
    <groups>
    </groups>
    <test started-at="2021-04-05T04:04:59Z" name="D:/IdeaWorkspace/TestNGDemo/test/homework/ch11_13/CompositeComponentTest.java" finished-at="2021-04-05T04:04:59Z" duration-ms="151">
      <class name="homework.ch11_13.CompositeComponentTest">
        <test-method signature="testGetPrice(homework.ch11_13.p4.Component, double)[pri:0, instance:homework.ch11_13.CompositeComponentTest@10dba097]" started-at="2021-04-05T04:04:59Z" name="testGetPrice" data-provider="compositeComponentDataProvider" finished-at="2021-04-05T04:04:59Z" duration-ms="0" status="PASS">
          <params>
            <param index="0">
              <value>
                <![CDATA[id: 0, name: aaa1, price: 5.0]]>
              </value>
            </param>
            <param index="1">
              <value>
                <![CDATA[5.0]]>
              </value>
            </param>
          </params>
          <reporter-output>
          </reporter-output>
        </test-method> <!-- testGetPrice -->
        <test-method signature="testGetPrice(homework.ch11_13.p4.Component, double)[pri:0, instance:homework.ch11_13.CompositeComponentTest@10dba097]" started-at="2021-04-05T04:04:59Z" name="testGetPrice" data-provider="compositeComponentDataProvider" finished-at="2021-04-05T04:04:59Z" duration-ms="1" status="PASS">
          <params>
            <param index="0">
              <value>
                <![CDATA[id: 6, name: root, price: 0.0
]]>
              </value>
            </param>
            <param index="1">
              <value>
                <![CDATA[0.0]]>
              </value>
            </param>
          </params>
          <reporter-output>
          </reporter-output>
        </test-method> <!-- testGetPrice -->
        <test-method signature="testGetPrice(homework.ch11_13.p4.Component, double)[pri:0, instance:homework.ch11_13.CompositeComponentTest@10dba097]" started-at="2021-04-05T04:04:59Z" name="testGetPrice" data-provider="compositeComponentDataProvider" finished-at="2021-04-05T04:04:59Z" duration-ms="0" status="PASS">
          <params>
            <param index="0">
              <value>
                <![CDATA[id: 4, name: ccc1, price: 55.0
sub-components of ccc1:
id: 0, name: aaa1, price: 5.0
id: 1, name: aaa2, price: 10.0
id: 5, name: ccc2, price: 40.0
sub-components of ccc2:
id: 2, name: aaa3, price: 15.0
id: 3, name: aaa4, price: 25.0

]]>
              </value>
            </param>
            <param index="1">
              <value>
                <![CDATA[55.0]]>
              </value>
            </param>
          </params>
          <reporter-output>
          </reporter-output>
        </test-method> <!-- testGetPrice -->
        <test-method signature="testTestToString(homework.ch11_13.p4.Component, [Ljava.lang.String;)[pri:0, instance:homework.ch11_13.CompositeComponentTest@10dba097]" started-at="2021-04-05T04:04:59Z" name="testTestToString" data-provider="compositeComponentDataProvider" finished-at="2021-04-05T04:04:59Z" duration-ms="1" status="PASS">
          <params>
            <param index="0">
              <value>
                <![CDATA[id: 6, name: root, price: 55.0
sub-components of root:
id: 4, name: ccc1, price: 55.0
sub-components of ccc1:
id: 0, name: aaa1, price: 5.0
id: 1, name: aaa2, price: 10.0
id: 5, name: ccc2, price: 40.0
sub-components of ccc2:
id: 2, name: aaa3, price: 15.0
id: 3, name: aaa4, price: 25.0


]]>
              </value>
            </param>
            <param index="1">
              <value>
                <![CDATA[[Ljava.lang.String;@222114ba]]>
              </value>
            </param>
          </params>
          <reporter-output>
          </reporter-output>
        </test-method> <!-- testTestToString -->
        <test-method signature="testAdd(homework.ch11_13.p4.Component, [Lhomework.ch11_13.p4.Component;)[pri:0, instance:homework.ch11_13.CompositeComponentTest@10dba097]" started-at="2021-04-05T04:04:59Z" name="testAdd" data-provider="compositeComponentDataProvider" finished-at="2021-04-05T04:04:59Z" duration-ms="13" status="PASS">
          <params>
            <param index="0">
              <value>
                <![CDATA[id: 4, name: ccc1, price: 55.0
sub-components of ccc1:
id: 0, name: aaa1, price: 5.0
id: 1, name: aaa2, price: 10.0
id: 5, name: ccc2, price: 40.0
sub-components of ccc2:
id: 2, name: aaa3, price: 15.0
id: 3, name: aaa4, price: 25.0

]]>
              </value>
            </param>
            <param index="1">
              <value>
                <![CDATA[[Lhomework.ch11_13.p4.Component;@78e94dcf]]>
              </value>
            </param>
          </params>
          <reporter-output>
          </reporter-output>
        </test-method> <!-- testAdd -->
        <test-method signature="testAdd(homework.ch11_13.p4.Component, [Lhomework.ch11_13.p4.Component;)[pri:0, instance:homework.ch11_13.CompositeComponentTest@10dba097]" started-at="2021-04-05T04:04:59Z" name="testAdd" data-provider="compositeComponentDataProvider" finished-at="2021-04-05T04:04:59Z" duration-ms="0" status="PASS">
          <params>
            <param index="0">
              <value>
                <![CDATA[id: 5, name: ccc2, price: 40.0
sub-components of ccc2:
id: 2, name: aaa3, price: 15.0
id: 3, name: aaa4, price: 25.0
]]>
              </value>
            </param>
            <param index="1">
              <value>
                <![CDATA[[Lhomework.ch11_13.p4.Component;@233fe9b6]]>
              </value>
            </param>
          </params>
          <reporter-output>
          </reporter-output>
        </test-method> <!-- testAdd -->
        <test-method signature="testRemove(homework.ch11_13.p4.Component, [Lhomework.ch11_13.p4.Component;)[pri:0, instance:homework.ch11_13.CompositeComponentTest@10dba097]" started-at="2021-04-05T04:04:59Z" name="testRemove" data-provider="compositeComponentDataProvider" finished-at="2021-04-05T04:04:59Z" duration-ms="0" status="PASS">
          <params>
            <param index="0">
              <value>
                <![CDATA[id: 5, name: ccc2, price: 0.0
]]>
              </value>
            </param>
            <param index="1">
              <value>
                <![CDATA[[Lhomework.ch11_13.p4.Component;@ec756bd]]>
              </value>
            </param>
          </params>
          <reporter-output>
          </reporter-output>
        </test-method> <!-- testRemove -->
        <test-method signature="testRemove(homework.ch11_13.p4.Component, [Lhomework.ch11_13.p4.Component;)[pri:0, instance:homework.ch11_13.CompositeComponentTest@10dba097]" started-at="2021-04-05T04:04:59Z" name="testRemove" data-provider="compositeComponentDataProvider" finished-at="2021-04-05T04:04:59Z" duration-ms="0" status="PASS">
          <params>
            <param index="0">
              <value>
                <![CDATA[id: 6, name: root, price: 0.0
]]>
              </value>
            </param>
            <param index="1">
              <value>
                <![CDATA[[Lhomework.ch11_13.p4.Component;@60dcc9fe]]>
              </value>
            </param>
          </params>
          <reporter-output>
          </reporter-output>
        </test-method> <!-- testRemove -->
        <test-method signature="testAdd(homework.ch11_13.p4.Component, [Lhomework.ch11_13.p4.Component;)[pri:0, instance:homework.ch11_13.CompositeComponentTest@10dba097]" started-at="2021-04-05T04:04:59Z" name="testAdd" data-provider="compositeComponentDataProvider" finished-at="2021-04-05T04:04:59Z" duration-ms="0" status="PASS">
          <params>
            <param index="0">
              <value>
                <![CDATA[id: 6, name: root, price: 55.0
sub-components of root:
id: 4, name: ccc1, price: 55.0
sub-components of ccc1:
id: 0, name: aaa1, price: 5.0
id: 1, name: aaa2, price: 10.0
id: 5, name: ccc2, price: 40.0
sub-components of ccc2:
id: 2, name: aaa3, price: 15.0
id: 3, name: aaa4, price: 25.0


]]>
              </value>
            </param>
            <param index="1">
              <value>
                <![CDATA[[Lhomework.ch11_13.p4.Component;@358ee631]]>
              </value>
            </param>
          </params>
          <reporter-output>
          </reporter-output>
        </test-method> <!-- testAdd -->
        <test-method signature="testRemove(homework.ch11_13.p4.Component, [Lhomework.ch11_13.p4.Component;)[pri:0, instance:homework.ch11_13.CompositeComponentTest@10dba097]" started-at="2021-04-05T04:04:59Z" name="testRemove" data-provider="compositeComponentDataProvider" finished-at="2021-04-05T04:04:59Z" duration-ms="0" status="PASS">
          <params>
            <param index="0">
              <value>
                <![CDATA[id: 4, name: ccc1, price: 0.0
]]>
              </value>
            </param>
            <param index="1">
              <value>
                <![CDATA[[Lhomework.ch11_13.p4.Component;@3c72f59f]]>
              </value>
            </param>
          </params>
          <reporter-output>
          </reporter-output>
        </test-method> <!-- testRemove -->
        <test-method signature="testCalcPrice(homework.ch11_13.p4.Component, double)[pri:0, instance:homework.ch11_13.CompositeComponentTest@10dba097]" started-at="2021-04-05T04:04:59Z" name="testCalcPrice" data-provider="compositeComponentDataProvider" finished-at="2021-04-05T04:04:59Z" duration-ms="0" status="PASS">
          <params>
            <param index="0">
              <value>
                <![CDATA[id: 0, name: aaa1, price: 5.0]]>
              </value>
            </param>
            <param index="1">
              <value>
                <![CDATA[5.0]]>
              </value>
            </param>
          </params>
          <reporter-output>
          </reporter-output>
        </test-method> <!-- testCalcPrice -->
        <test-method signature="testIterator(homework.ch11_13.p4.Component, java.lang.Class)[pri:0, instance:homework.ch11_13.CompositeComponentTest@10dba097]" started-at="2021-04-05T04:04:59Z" name="testIterator" data-provider="compositeComponentDataProvider" finished-at="2021-04-05T04:04:59Z" duration-ms="0" status="PASS">
          <params>
            <param index="0">
              <value>
                <![CDATA[id: 4, name: ccc1, price: 0.0
]]>
              </value>
            </param>
            <param index="1">
              <value>
                <![CDATA[class homework.ch11_13.p4.CompositeIterator]]>
              </value>
            </param>
          </params>
          <reporter-output>
          </reporter-output>
        </test-method> <!-- testIterator -->
        <test-method signature="testCalcPrice(homework.ch11_13.p4.Component, double)[pri:0, instance:homework.ch11_13.CompositeComponentTest@10dba097]" started-at="2021-04-05T04:04:59Z" name="testCalcPrice" data-provider="compositeComponentDataProvider" finished-at="2021-04-05T04:04:59Z" duration-ms="0" status="PASS">
          <params>
            <param index="0">
              <value>
                <![CDATA[id: 4, name: ccc1, price: 55.0
sub-components of ccc1:
id: 0, name: aaa1, price: 5.0
id: 1, name: aaa2, price: 10.0
id: 5, name: ccc2, price: 40.0
sub-components of ccc2:
id: 2, name: aaa3, price: 15.0
id: 3, name: aaa4, price: 25.0

]]>
              </value>
            </param>
            <param index="1">
              <value>
                <![CDATA[55.0]]>
              </value>
            </param>
          </params>
          <reporter-output>
          </reporter-output>
        </test-method> <!-- testCalcPrice -->
        <test-method signature="testCalcPrice(homework.ch11_13.p4.Component, double)[pri:0, instance:homework.ch11_13.CompositeComponentTest@10dba097]" started-at="2021-04-05T04:04:59Z" name="testCalcPrice" data-provider="compositeComponentDataProvider" finished-at="2021-04-05T04:04:59Z" duration-ms="0" status="PASS">
          <params>
            <param index="0">
              <value>
                <![CDATA[id: 6, name: root, price: 0.0
]]>
              </value>
            </param>
            <param index="1">
              <value>
                <![CDATA[0.0]]>
              </value>
            </param>
          </params>
          <reporter-output>
          </reporter-output>
        </test-method> <!-- testCalcPrice -->
      </class> <!-- homework.ch11_13.CompositeComponentTest -->
    </test> <!-- D:/IdeaWorkspace/TestNGDemo/test/homework/ch11_13/CompositeComponentTest.java -->
    <test started-at="2021-04-05T04:04:59Z" name="D:/IdeaWorkspace/TestNGDemo/test/homework/ch11_13/AtomicComponentTest.java" finished-at="2021-04-05T04:04:59Z" duration-ms="6">
      <class name="homework.ch11_13.AtomicComponentTest">
        <test-method signature="testGetId(homework.ch11_13.p4.Component, int)[pri:0, instance:homework.ch11_13.AtomicComponentTest@5c072e3f]" started-at="2021-04-05T04:04:59Z" name="testGetId" data-provider="atomicComponentDataProvider" finished-at="2021-04-05T04:04:59Z" duration-ms="0" status="PASS">
          <params>
            <param index="0">
              <value>
                <![CDATA[id: 1, name: key board, price: 5.0]]>
              </value>
            </param>
            <param index="1">
              <value>
                <![CDATA[1]]>
              </value>
            </param>
          </params>
          <reporter-output>
          </reporter-output>
        </test-method> <!-- testGetId -->
        <test-method signature="testSetId(homework.ch11_13.p4.Component, int)[pri:0, instance:homework.ch11_13.AtomicComponentTest@5c072e3f]" started-at="2021-04-05T04:04:59Z" name="testSetId" data-provider="atomicComponentDataProvider" finished-at="2021-04-05T04:04:59Z" duration-ms="0" status="PASS">
          <params>
            <param index="0">
              <value>
                <![CDATA[id: 10, name: null, price: 0.0]]>
              </value>
            </param>
            <param index="1">
              <value>
                <![CDATA[10]]>
              </value>
            </param>
          </params>
          <reporter-output>
          </reporter-output>
        </test-method> <!-- testSetId -->
        <test-method signature="testGetName(homework.ch11_13.p4.Component, java.lang.String)[pri:0, instance:homework.ch11_13.AtomicComponentTest@5c072e3f]" started-at="2021-04-05T04:04:59Z" name="testGetName" data-provider="atomicComponentDataProvider" finished-at="2021-04-05T04:04:59Z" duration-ms="0" status="PASS">
          <params>
            <param index="0">
              <value>
                <![CDATA[id: 1, name: key board, price: 5.0]]>
              </value>
            </param>
            <param index="1">
              <value>
                <![CDATA[key board]]>
              </value>
            </param>
          </params>
          <reporter-output>
          </reporter-output>
        </test-method> <!-- testGetName -->
        <test-method signature="testGetPrice(homework.ch11_13.p4.Component, double)[pri:0, instance:homework.ch11_13.AtomicComponentTest@5c072e3f]" started-at="2021-04-05T04:04:59Z" name="testGetPrice" data-provider="atomicComponentDataProvider" finished-at="2021-04-05T04:04:59Z" duration-ms="0" status="PASS">
          <params>
            <param index="0">
              <value>
                <![CDATA[id: 1, name: key board, price: 5.0]]>
              </value>
            </param>
            <param index="1">
              <value>
                <![CDATA[5.0]]>
              </value>
            </param>
          </params>
          <reporter-output>
          </reporter-output>
        </test-method> <!-- testGetPrice -->
        <test-method signature="testSetName(homework.ch11_13.p4.Component, java.lang.String)[pri:0, instance:homework.ch11_13.AtomicComponentTest@5c072e3f]" started-at="2021-04-05T04:04:59Z" name="testSetName" data-provider="atomicComponentDataProvider" finished-at="2021-04-05T04:04:59Z" duration-ms="0" status="PASS">
          <params>
            <param index="0">
              <value>
                <![CDATA[id: 0, name: key board 1, price: 0.0]]>
              </value>
            </param>
            <param index="1">
              <value>
                <![CDATA[key board 1]]>
              </value>
            </param>
          </params>
          <reporter-output>
          </reporter-output>
        </test-method> <!-- testSetName -->
        <test-method signature="testSetPrice(homework.ch11_13.p4.Component, double)[pri:0, instance:homework.ch11_13.AtomicComponentTest@5c072e3f]" started-at="2021-04-05T04:04:59Z" name="testSetPrice" data-provider="atomicComponentDataProvider" finished-at="2021-04-05T04:04:59Z" duration-ms="1" status="PASS">
          <params>
            <param index="0">
              <value>
                <![CDATA[id: 0, name: null, price: 10.0]]>
              </value>
            </param>
            <param index="1">
              <value>
                <![CDATA[10.0]]>
              </value>
            </param>
          </params>
          <reporter-output>
          </reporter-output>
        </test-method> <!-- testSetPrice -->
        <test-method signature="testTestToString(homework.ch11_13.p4.Component, [Ljava.lang.String;)[pri:0, instance:homework.ch11_13.AtomicComponentTest@5c072e3f]" started-at="2021-04-05T04:04:59Z" name="testTestToString" data-provider="atomicComponentDataProvider" finished-at="2021-04-05T04:04:59Z" duration-ms="0" status="PASS">
          <params>
            <param index="0">
              <value>
                <![CDATA[id: 1, name: key board, price: 5.0]]>
              </value>
            </param>
            <param index="1">
              <value>
                <![CDATA[[Ljava.lang.String;@61dd025]]>
              </value>
            </param>
          </params>
          <reporter-output>
          </reporter-output>
        </test-method> <!-- testTestToString -->
        <test-method signature="testAdd(homework.ch11_13.p4.Component, homework.ch11_13.p4.Component)[pri:0, instance:homework.ch11_13.AtomicComponentTest@5c072e3f]" started-at="2021-04-05T04:04:59Z" name="testAdd" data-provider="atomicComponentDataProvider" finished-at="2021-04-05T04:04:59Z" duration-ms="1" status="PASS">
          <params>
            <param index="0">
              <value>
                <![CDATA[id: 1, name: key board, price: 5.0]]>
              </value>
            </param>
            <param index="1">
              <value>
                <![CDATA[id: 1, name: key board, price: 5.0]]>
              </value>
            </param>
          </params>
          <exception class="java.lang.UnsupportedOperationException">
            <message>
              <![CDATA[Can't add component to atomic component ]]>
            </message>
            <full-stacktrace>
              <![CDATA[java.lang.UnsupportedOperationException: Can't add component to atomic component 
at homework.ch11_13.p4.AtomicComponent.add(AtomicComponent.java:25)
at homework.ch11_13.AtomicComponentTest.testAdd(AtomicComponentTest.java:68)
at java.base/jdk.internal.reflect.NativeMethodAccessorImpl.invoke0(Native Method)
at java.base/jdk.internal.reflect.NativeMethodAccessorImpl.invoke(NativeMethodAccessorImpl.java:62)
at java.base/jdk.internal.reflect.DelegatingMethodAccessorImpl.invoke(DelegatingMethodAccessorImpl.java:43)
at java.base/java.lang.reflect.Method.invoke(Method.java:567)
at org.testng.internal.MethodInvocationHelper.invokeMethod(MethodInvocationHelper.java:124)
at org.testng.internal.Invoker.invokeMethod(Invoker.java:583)
at org.testng.internal.Invoker.invokeTestMethod(Invoker.java:719)
at org.testng.internal.Invoker.invokeTestMethods(Invoker.java:989)
at org.testng.internal.TestMethodWorker.invokeTestMethods(TestMethodWorker.java:125)
at org.testng.internal.TestMethodWorker.run(TestMethodWorker.java:109)
at org.testng.TestRunner.privateRun(TestRunner.java:648)
at org.testng.TestRunner.run(TestRunner.java:505)
at org.testng.SuiteRunner.runTest(SuiteRunner.java:455)
at org.testng.SuiteRunner.runSequentially(SuiteRunner.java:450)
at org.testng.SuiteRunner.privateRun(SuiteRunner.java:415)
at org.testng.SuiteRunner.run(SuiteRunner.java:364)
at org.testng.SuiteRunnerWorker.runSuite(SuiteRunnerWorker.java:52)
at org.testng.SuiteRunnerWorker.run(SuiteRunnerWorker.java:84)
at org.testng.TestNG.runSuitesSequentially(TestNG.java:1208)
at org.testng.TestNG.runSuitesSequentially(TestNG.java:1204)
at org.testng.TestNG.runSuitesLocally(TestNG.java:1137)
at org.testng.TestNG.runSuites(TestNG.java:1049)
at org.testng.TestNG.run(TestNG.java:1017)
at org.testng.TestNG.privateMain(TestNG.java:1354)
at org.testng.TestNG.main(TestNG.java:1323)
]]>
            </full-stacktrace>
          </exception> <!-- java.lang.UnsupportedOperationException -->
          <reporter-output>
          </reporter-output>
        </test-method> <!-- testAdd -->
        <test-method signature="testCalcPrice(homework.ch11_13.p4.Component, double)[pri:0, instance:homework.ch11_13.AtomicComponentTest@5c072e3f]" started-at="2021-04-05T04:04:59Z" name="testCalcPrice" data-provider="atomicComponentDataProvider" finished-at="2021-04-05T04:04:59Z" duration-ms="0" status="PASS">
          <params>
            <param index="0">
              <value>
                <![CDATA[id: 1, name: key board, price: 5.0]]>
              </value>
            </param>
            <param index="1">
              <value>
                <![CDATA[5.0]]>
              </value>
            </param>
          </params>
          <reporter-output>
          </reporter-output>
        </test-method> <!-- testCalcPrice -->
        <test-method signature="testRemove(homework.ch11_13.p4.Component, homework.ch11_13.p4.Component)[pri:0, instance:homework.ch11_13.AtomicComponentTest@5c072e3f]" started-at="2021-04-05T04:04:59Z" name="testRemove" data-provider="atomicComponentDataProvider" finished-at="2021-04-05T04:04:59Z" duration-ms="0" status="PASS">
          <params>
            <param index="0">
              <value>
                <![CDATA[id: 1, name: key board, price: 5.0]]>
              </value>
            </param>
            <param index="1">
              <value>
                <![CDATA[id: 1, name: key board, price: 5.0]]>
              </value>
            </param>
          </params>
          <exception class="java.lang.UnsupportedOperationException">
            <message>
              <![CDATA[Can't remove component from atomic component ]]>
            </message>
            <full-stacktrace>
              <![CDATA[java.lang.UnsupportedOperationException: Can't remove component from atomic component 
at homework.ch11_13.p4.AtomicComponent.remove(AtomicComponent.java:30)
at homework.ch11_13.AtomicComponentTest.testRemove(AtomicComponentTest.java:76)
at java.base/jdk.internal.reflect.NativeMethodAccessorImpl.invoke0(Native Method)
at java.base/jdk.internal.reflect.NativeMethodAccessorImpl.invoke(NativeMethodAccessorImpl.java:62)
at java.base/jdk.internal.reflect.DelegatingMethodAccessorImpl.invoke(DelegatingMethodAccessorImpl.java:43)
at java.base/java.lang.reflect.Method.invoke(Method.java:567)
at org.testng.internal.MethodInvocationHelper.invokeMethod(MethodInvocationHelper.java:124)
at org.testng.internal.Invoker.invokeMethod(Invoker.java:583)
at org.testng.internal.Invoker.invokeTestMethod(Invoker.java:719)
at org.testng.internal.Invoker.invokeTestMethods(Invoker.java:989)
at org.testng.internal.TestMethodWorker.invokeTestMethods(TestMethodWorker.java:125)
at org.testng.internal.TestMethodWorker.run(TestMethodWorker.java:109)
at org.testng.TestRunner.privateRun(TestRunner.java:648)
at org.testng.TestRunner.run(TestRunner.java:505)
at org.testng.SuiteRunner.runTest(SuiteRunner.java:455)
at org.testng.SuiteRunner.runSequentially(SuiteRunner.java:450)
at org.testng.SuiteRunner.privateRun(SuiteRunner.java:415)
at org.testng.SuiteRunner.run(SuiteRunner.java:364)
at org.testng.SuiteRunnerWorker.runSuite(SuiteRunnerWorker.java:52)
at org.testng.SuiteRunnerWorker.run(SuiteRunnerWorker.java:84)
at org.testng.TestNG.runSuitesSequentially(TestNG.java:1208)
at org.testng.TestNG.runSuitesSequentially(TestNG.java:1204)
at org.testng.TestNG.runSuitesLocally(TestNG.java:1137)
at org.testng.TestNG.runSuites(TestNG.java:1049)
at org.testng.TestNG.run(TestNG.java:1017)
at org.testng.TestNG.privateMain(TestNG.java:1354)
at org.testng.TestNG.main(TestNG.java:1323)
]]>
            </full-stacktrace>
          </exception> <!-- java.lang.UnsupportedOperationException -->
          <reporter-output>
          </reporter-output>
        </test-method> <!-- testRemove -->
        <test-method signature="testIterator(homework.ch11_13.p4.Component, java.lang.Class)[pri:0, instance:homework.ch11_13.AtomicComponentTest@5c072e3f]" started-at="2021-04-05T04:04:59Z" name="testIterator" data-provider="atomicComponentDataProvider" finished-at="2021-04-05T04:04:59Z" duration-ms="0" status="PASS">
          <params>
            <param index="0">
              <value>
                <![CDATA[id: 1, name: key board, price: 5.0]]>
              </value>
            </param>
            <param index="1">
              <value>
                <![CDATA[class homework.ch11_13.p4.NullIterator]]>
              </value>
            </param>
          </params>
          <reporter-output>
          </reporter-output>
        </test-method> <!-- testIterator -->
      </class> <!-- homework.ch11_13.AtomicComponentTest -->
    </test> <!-- D:/IdeaWorkspace/TestNGDemo/test/homework/ch11_13/AtomicComponentTest.java -->
    <test started-at="2021-04-05T04:05:00Z" name="D:/IdeaWorkspace/TestNGDemo/test/homework/ch11_13/ComponentListTest.java" finished-at="2021-04-05T04:05:00Z" duration-ms="5">
      <class name="homework.ch11_13.ComponentListTest">
        <test-method signature="testNext(homework.ch11_13.p4.Iterator, [Lhomework.ch11_13.p4.Component;)[pri:0, instance:homework.ch11_13.ComponentListTest@4cf4d528]" started-at="2021-04-05T04:05:00Z" name="testNext" data-provider="componentListDataProvider" finished-at="2021-04-05T04:05:00Z" duration-ms="0" status="PASS">
          <params>
            <param index="0">
              <value>
                <![CDATA[[]]]>
              </value>
            </param>
            <param index="1">
              <value>
                <![CDATA[[Lhomework.ch11_13.p4.Component;@6ce139a4]]>
              </value>
            </param>
          </params>
          <reporter-output>
          </reporter-output>
        </test-method> <!-- testNext -->
        <test-method signature="testHasNext(homework.ch11_13.p4.Iterator, homework.ch11_13.p4.Iterator)[pri:0, instance:homework.ch11_13.ComponentListTest@4cf4d528]" started-at="2021-04-05T04:05:00Z" name="testHasNext" data-provider="componentListDataProvider" finished-at="2021-04-05T04:05:00Z" duration-ms="0" status="PASS">
          <params>
            <param index="0">
              <value>
                <![CDATA[[]]]>
              </value>
            </param>
            <param index="1">
              <value>
                <![CDATA[[id: 1, name: key board, price: 1.0, id: 2, name: mouse , price: 5.0]]]>
              </value>
            </param>
          </params>
          <reporter-output>
          </reporter-output>
        </test-method> <!-- testHasNext -->
        <test-method signature="testNext(homework.ch11_13.p4.Iterator, [Lhomework.ch11_13.p4.Component;)[pri:0, instance:homework.ch11_13.ComponentListTest@4cf4d528]" started-at="2021-04-05T04:05:00Z" name="testNext" data-provider="componentListDataProvider" finished-at="2021-04-05T04:05:00Z" duration-ms="0" status="PASS">
          <params>
            <param index="0">
              <value>
                <![CDATA[[id: 1, name: key board, price: 1.0, id: 2, name: mouse , price: 5.0]]]>
              </value>
            </param>
            <param index="1">
              <value>
                <![CDATA[[Lhomework.ch11_13.p4.Component;@6973bf95]]>
              </value>
            </param>
          </params>
          <reporter-output>
          </reporter-output>
        </test-method> <!-- testNext -->
      </class> <!-- homework.ch11_13.ComponentListTest -->
    </test> <!-- D:/IdeaWorkspace/TestNGDemo/test/homework/ch11_13/ComponentListTest.java -->
    <test started-at="2021-04-05T04:05:00Z" name="D:/IdeaWorkspace/TestNGDemo/test/homework/ch11_13/CompositeIteratorTest.java" finished-at="2021-04-05T04:05:00Z" duration-ms="3">
      <class name="homework.ch11_13.CompositeIteratorTest">
        <test-method signature="testHasNext(homework.ch11_13.p4.Component, [Lhomework.ch11_13.p4.Component;)[pri:0, instance:homework.ch11_13.CompositeIteratorTest@df27fae]" started-at="2021-04-05T04:05:00Z" name="testHasNext" data-provider="compositeIteratorDataProvider" finished-at="2021-04-05T04:05:00Z" duration-ms="1" status="PASS">
          <params>
            <param index="0">
              <value>
                <![CDATA[id: 6, name: root, price: 55.0
sub-components of root:
id: 4, name: ccc1, price: 55.0
sub-components of ccc1:
id: 0, name: aaa1, price: 5.0
id: 1, name: aaa2, price: 10.0
id: 5, name: ccc2, price: 40.0
sub-components of ccc2:
id: 2, name: aaa3, price: 15.0
id: 3, name: aaa4, price: 25.0


]]>
              </value>
            </param>
            <param index="1">
              <value>
                <![CDATA[[Lhomework.ch11_13.p4.Component;@33afa13b]]>
              </value>
            </param>
          </params>
          <reporter-output>
          </reporter-output>
        </test-method> <!-- testHasNext -->
        <test-method signature="testNext(homework.ch11_13.p4.Component, [Lhomework.ch11_13.p4.Component;)[pri:0, instance:homework.ch11_13.CompositeIteratorTest@df27fae]" started-at="2021-04-05T04:05:00Z" name="testNext" data-provider="compositeIteratorDataProvider" finished-at="2021-04-05T04:05:00Z" duration-ms="0" status="PASS">
          <params>
            <param index="0">
              <value>
                <![CDATA[id: 6, name: root, price: 55.0
sub-components of root:
id: 4, name: ccc1, price: 55.0
sub-components of ccc1:
id: 0, name: aaa1, price: 5.0
id: 1, name: aaa2, price: 10.0
id: 5, name: ccc2, price: 40.0
sub-components of ccc2:
id: 2, name: aaa3, price: 15.0
id: 3, name: aaa4, price: 25.0


]]>
              </value>
            </param>
            <param index="1">
              <value>
                <![CDATA[[Lhomework.ch11_13.p4.Component;@7a4ccb53]]>
              </value>
            </param>
          </params>
          <reporter-output>
          </reporter-output>
        </test-method> <!-- testNext -->
      </class> <!-- homework.ch11_13.CompositeIteratorTest -->
    </test> <!-- D:/IdeaWorkspace/TestNGDemo/test/homework/ch11_13/CompositeIteratorTest.java -->
    <test started-at="2021-04-05T04:05:00Z" name="D:/IdeaWorkspace/TestNGDemo/test/homework/ch11_13/NullIteratorTest.java" finished-at="2021-04-05T04:05:00Z" duration-ms="1">
      <class name="homework.ch11_13.NullIteratorTest">
        <test-method signature="testHasNext(homework.ch11_13.p4.Iterator)[pri:0, instance:homework.ch11_13.NullIteratorTest@5c18298f]" started-at="2021-04-05T04:05:00Z" name="testHasNext" data-provider="nullIteratorDataProvider" finished-at="2021-04-05T04:05:00Z" duration-ms="0" status="PASS">
          <params>
            <param index="0">
              <value>
                <![CDATA[homework.ch11_13.p4.NullIterator@4445629]]>
              </value>
            </param>
          </params>
          <reporter-output>
          </reporter-output>
        </test-method> <!-- testHasNext -->
        <test-method signature="testNext(homework.ch11_13.p4.Iterator)[pri:0, instance:homework.ch11_13.NullIteratorTest@5c18298f]" started-at="2021-04-05T04:05:00Z" name="testNext" data-provider="nullIteratorDataProvider" finished-at="2021-04-05T04:05:00Z" duration-ms="0" status="PASS">
          <params>
            <param index="0">
              <value>
                <![CDATA[homework.ch11_13.p4.NullIterator@45b9a632]]>
              </value>
            </param>
          </params>
          <reporter-output>
          </reporter-output>
        </test-method> <!-- testNext -->
      </class> <!-- homework.ch11_13.NullIteratorTest -->
    </test> <!-- D:/IdeaWorkspace/TestNGDemo/test/homework/ch11_13/NullIteratorTest.java -->
  </suite> <!-- All Test Suite (1) -->
</testng-results>
